
> gm-markov@1.0.0 app /home/kevin/gm_bots/gm-markov
> node app.js

Server listening on 6969

> gm-markov@1.0.0 app /home/kevin/gm_bots/gm-markov
> node app.js

Server listening on 6969

> gm-markov@1.0.0 app /home/kevin/gm_bots/gm-markov
> node app.js

Server listening on 6969
{ loci: [ [ 11, 8 ] ],
  type: 'mentions',
  user_ids: [ '21389432' ] }
sending What would be happier to cook imo. Idk if you right ON the degenerate ones, we really reach on to 5d281f3faf4fc40f6c9d1a80e3
undefined
dont care

> gm-markov@1.0.0 app /home/kevin/gm_bots/gm-markov
> node app.js

Server listening on 6969
{ loci: [ [ 11, 8 ] ],
  type: 'mentions',
  user_ids: [ '21389432' ] }
sending Learned it has a decent amount of sky will miss that happened to 5d281f3faf4fc40f6c9d1a80e3
undefined
dont care

> gm-markov@1.0.0 app /home/kevin/gm_bots/gm-markov
> node app.js

Server listening on 6969
{ loci: [ [ 11, 22 ] ],
  type: 'mentions',
  user_ids: [ '7680166' ] }
sending I mean Black cummerbund I was gonna want a notary don’t to 5d281f3faf4fc40f6c9d1a80e3
undefined
dont care

> gm-markov@1.0.0 app /home/kevin/gm_bots/gm-markov
> node app.js

Server listening on 6969
undefined
dont care
undefined
dont care
undefined
dont care
undefined
dont care
undefined
dont care
undefined
dont care
undefined
dont care
undefined
dont care

> gm-markov@1.0.0 app /home/kevin/gm_bots/gm-markov
> node app.js

Server listening on 6969
undefined
dont care
undefined
dont care
undefined
dont care
undefined
dont care
undefined
dont care
undefined
dont care
undefined
dont care
undefined
dont care
undefined
dont care
undefined
dont care
undefined
dont care
undefined
dont care
undefined
dont care
undefined
dont care
undefined
dont care
undefined
dont care
undefined
dont care
undefined
dont care
undefined
dont care
undefined
dont care
undefined
dont care
undefined
dont care
undefined
dont care
undefined
dont care
undefined
dont care
undefined
dont care
undefined
dont care
undefined
dont care
undefined
dont care
undefined
dont care
undefined
dont care
undefined
dont care
undefined
dont care
undefined
dont care
undefined
dont care
undefined
dont care
undefined
dont care
undefined
dont care
undefined
dont care
undefined
dont care
undefined
dont care
undefined
dont care
undefined
dont care
undefined
dont care
undefined
dont care
undefined
dont care
undefined
dont care
undefined
dont care
undefined
dont care
undefined
dont care
undefined
dont care
undefined
dont care
undefined
dont care
undefined
dont care
undefined
dont care
undefined
dont care
undefined
dont care
undefined
dont care
undefined
dont care
undefined
dont care
undefined
dont care
undefined
dont care
undefined
dont care
undefined
dont care
undefined
dont care
undefined
dont care
undefined
dont care
undefined
dont care
{ loci: [ [ 0, 23 ] ],
  type: 'mentions',
  user_ids: [ '11725695' ] }
don't care
undefined
dont care
undefined
dont care
undefined
dont care
undefined
dont care
undefined
dont care
undefined
dont care
undefined
dont care
undefined
dont care
undefined
dont care
undefined
dont care
undefined
dont care
undefined
dont care
undefined
dont care
undefined
dont care
undefined
dont care
undefined
dont care
undefined
dont care
undefined
dont care
undefined
dont care
undefined
dont care
undefined
dont care
undefined
dont care
undefined
dont care
undefined
dont care
undefined
dont care
undefined
dont care
undefined
dont care
undefined
dont care
undefined
dont care
undefined
dont care
undefined
dont care
undefined
dont care
undefined
dont care
undefined
dont care
undefined
dont care
undefined
dont care
undefined
dont care
undefined
dont care
undefined
dont care
undefined
dont care
undefined
dont care
undefined
dont care
undefined
dont care
undefined
dont care
undefined
dont care
undefined
dont care
undefined
dont care
undefined
dont care
undefined
dont care
undefined
dont care
undefined
dont care
undefined
dont care
undefined
dont care
undefined
dont care
undefined
dont care
undefined
dont care
undefined
dont care
undefined
dont care
undefined
dont care
undefined
dont care
undefined
dont care
undefined
dont care
undefined
dont care
undefined
dont care
undefined
dont care
undefined
dont care
undefined
dont care
undefined
dont care
undefined
dont care
undefined
dont care
undefined
dont care
undefined
dont care
undefined
dont care
undefined
dont care
undefined
dont care
undefined
dont care
undefined
dont care
undefined
dont care
undefined
dont care
undefined
dont care
undefined
dont care
undefined
dont care
undefined
dont care
undefined
dont care
undefined
dont care
undefined
dont care
undefined
dont care
undefined
dont care
undefined
dont care
undefined
dont care
undefined
dont care
undefined
dont care
undefined
dont care
undefined
dont care
undefined
dont care
undefined
dont care
undefined
dont care
undefined
dont care
undefined
dont care
undefined
dont care
undefined
dont care
undefined
dont care
undefined
dont care
undefined
dont care
undefined
dont care
undefined
dont care
undefined
dont care
undefined
dont care
undefined
dont care
undefined
dont care
undefined
dont care
undefined
dont care
undefined
dont care
undefined
dont care
undefined
dont care
undefined
dont care
undefined
dont care
undefined
dont care
undefined
dont care
undefined
dont care
undefined
dont care
undefined
dont care
undefined
dont care
undefined
dont care
undefined
dont care
undefined
dont care
undefined
dont care
undefined
dont care
undefined
dont care
undefined
dont care
undefined
dont care
undefined
dont care
undefined
dont care
undefined
dont care
undefined
dont care
undefined
dont care
undefined
dont care
undefined
dont care
undefined
dont care
undefined
dont care
undefined
dont care
undefined
dont care
undefined
dont care
undefined
dont care
undefined
dont care
undefined
dont care
undefined
dont care
undefined
dont care
undefined
dont care
undefined
dont care
undefined
dont care
undefined
dont care
undefined
dont care
undefined
dont care
undefined
dont care
undefined
dont care
undefined
dont care
undefined
dont care
undefined
dont care
undefined
dont care
undefined
dont care
undefined
dont care
undefined
dont care
undefined
dont care
undefined
dont care
undefined
dont care
undefined
dont care
undefined
dont care
undefined
dont care
undefined
dont care
undefined
dont care
undefined
dont care
undefined
dont care
undefined
dont care
undefined
dont care
undefined
dont care
undefined
dont care
undefined
dont care
undefined
dont care
undefined
dont care
undefined
dont care
undefined
dont care
undefined
dont care
undefined
dont care
undefined
dont care
undefined
dont care
undefined
dont care
undefined
dont care
undefined
dont care
undefined
dont care
undefined
dont care
undefined
dont care
undefined
dont care
undefined
dont care
undefined
dont care
undefined
dont care
undefined
dont care
undefined
dont care
undefined
dont care
undefined
dont care
undefined
dont care
undefined
dont care
undefined
dont care
undefined
dont care
undefined
dont care
undefined
dont care
undefined
dont care
undefined
dont care
undefined
dont care
undefined
dont care
undefined
dont care
undefined
dont care
undefined
dont care
undefined
dont care
undefined
dont care
undefined
dont care
undefined
dont care
undefined
dont care
undefined
dont care
undefined
dont care
undefined
dont care
undefined
dont care
undefined
dont care
undefined
dont care
undefined
dont care
undefined
dont care
undefined
dont care
undefined
dont care
undefined
dont care
undefined
dont care
undefined
dont care
undefined
dont care
undefined
dont care
undefined
dont care
undefined
dont care
undefined
dont care
undefined
dont care
undefined
dont care
undefined
dont care
undefined
dont care
undefined
dont care
undefined
dont care
undefined
dont care
Killed
npm ERR! code ELIFECYCLE
npm ERR! errno 137
npm ERR! gm-markov@1.0.0 app: `node app.js`
npm ERR! Exit status 137
npm ERR! 
npm ERR! Failed at the gm-markov@1.0.0 app script.
npm ERR! This is probably not a problem with npm. There is likely additional logging output above.

npm ERR! A complete log of this run can be found in:
npm ERR!     /home/kevin/.npm/_logs/2020-10-19T02_58_43_037Z-debug.log
